#
# A fatal error has been detected by the Java Runtime Environment:
#
#  Internal Error (javaClasses.cpp:129), pid=3540, tid=6392
#  fatal error: Invalid layout of preloaded class
#
# JRE version: 7.0_25-b17
# Java VM: Java HotSpot(TM) 64-Bit Server VM (23.25-b01 mixed mode windows-amd64 compressed oops)
# Failed to write core dump. Minidumps are not enabled by default on client versions of Windows
#
# If you would like to submit a bug report, please visit:
#   http://bugreport.sun.com/bugreport/crash.jsp
#

---------------  T H R E A D  ---------------

Current thread (0x000000000022c800):  JavaThread "Unknown thread" [_thread_in_vm, id=6392, stack(0x0000000001df0000,0x0000000001ef0000)]

Stack: [0x0000000001df0000,0x0000000001ef0000]

---------------  P R O C E S S  ---------------

Java Threads: ( => current thread )

Other Threads:

=>0x000000000022c800 (exited) JavaThread "Unknown thread" [_thread_in_vm, id=6392, stack(0x0000000001df0000,0x0000000001ef0000)]

VM state:not at safepoint (not fully initialized)

VM Mutex/Monitor currently owned by a thread: None

GC Heap History (0 events):
No events

Deoptimization events (0 events):
No events

Internal exceptions (0 events):
No events

Events (10 events):
Event: 0.014 loading class 0x0000000001d4fe70 done
Event: 0.014 loading class 0x0000000001d12200 done
Event: 0.014 loading class 0x0000000001d121d0
Event: 0.014 loading class 0x0000000001da4ab0
Event: 0.014 loading class 0x0000000001da4ab0 done
Event: 0.014 loading class 0x0000000001da4af0
Event: 0.014 loading class 0x0000000001da4af0 done
Event: 0.014 loading class 0x000000000843f0f0
Event: 0.014 loading class 0x000000000843f0f0 done
Event: 0.014 loading class 0x0000000001d121d0 done


Dynamic libraries:
0x000000013f150000 - 0x000000013f183000 	C:\Program Files\Java\jre7\bin\javaw.exe
0x0000000077910000 - 0x0000000077ab9000 	C:\Windows\SYSTEM32\ntdll.dll
0x00000000777f0000 - 0x000000007790f000 	C:\Windows\system32\kernel32.dll
0x000007fefda60000 - 0x000007fefdacb000 	C:\Windows\system32\KERNELBASE.dll
0x000007feff820000 - 0x000007feff8fb000 	C:\Windows\system32\ADVAPI32.dll
0x000007fefe210000 - 0x000007fefe2af000 	C:\Windows\system32\msvcrt.dll
0x000007feff3f0000 - 0x000007feff40f000 	C:\Windows\SYSTEM32\sechost.dll
0x000007feff4b0000 - 0x000007feff5dd000 	C:\Windows\system32\RPCRT4.dll
0x00000000776f0000 - 0x00000000777ea000 	C:\Windows\system32\USER32.dll
0x000007feffbb0000 - 0x000007feffc17000 	C:\Windows\system32\GDI32.dll
0x000007fefdaf0000 - 0x000007fefdafe000 	C:\Windows\system32\LPK.dll
0x000007fefded0000 - 0x000007fefdf99000 	C:\Windows\system32\USP10.dll
0x000007fefbdf0000 - 0x000007fefbfe4000 	C:\Windows\WinSxS\amd64_microsoft.windows.common-controls_6595b64144ccf1df_6.0.7601.17514_none_fa396087175ac9ac\COMCTL32.dll
0x000007fefe2b0000 - 0x000007fefe321000 	C:\Windows\system32\SHLWAPI.dll
0x000007fefe630000 - 0x000007fefe65e000 	C:\Windows\system32\IMM32.DLL
0x000007fefdcb0000 - 0x000007fefddb9000 	C:\Windows\system32\MSCTF.dll
0x0000000063220000 - 0x00000000632f1000 	C:\Program Files\Java\jre7\bin\msvcr100.dll
0x000000005fa70000 - 0x000000006017f000 	C:\Program Files\Java\jre7\bin\server\jvm.dll
0x000007feebf50000 - 0x000007feebf59000 	C:\Windows\system32\WSOCK32.dll
0x000007fefdc60000 - 0x000007fefdcad000 	C:\Windows\system32\WS2_32.dll
0x000007fefddc0000 - 0x000007fefddc8000 	C:\Windows\system32\NSI.dll
0x000007fefb7a0000 - 0x000007fefb7db000 	C:\Windows\system32\WINMM.dll
0x0000000077ad0000 - 0x0000000077ad7000 	C:\Windows\system32\PSAPI.DLL
0x000000006d3c0000 - 0x000000006d3cf000 	C:\Program Files\Java\jre7\bin\verify.dll
0x0000000064750000 - 0x0000000064778000 	C:\Program Files\Java\jre7\bin\java.dll
0x0000000064980000 - 0x0000000064995000 	C:\Program Files\Java\jre7\bin\zip.dll

VM Arguments:
jvm_args: -Dfile.encoding=Cp1255 -Xbootclasspath:C:\adt-bundle-windows-x86_64-20131030\sdk\platforms\android-19\android.jar 
java_command: com.hex.Hex
Launcher Type: SUN_STANDARD

Environment Variables:
PATH=C:\Windows\system32;C:\Windows;C:\Windows\System32\Wbem;C:\Windows\System32\WindowsPowerShell\v1.0\;C:\Program Files\Dell\DW WLAN Card;C:\Program Files\WIDCOMM\Bluetooth Software\;C:\Program Files\WIDCOMM\Bluetooth Software\syswow64;C:\Program Files (x86)\ATI Technologies\ATI.ACE\Core-Static;C:\Python27\Scripts;C:\Program Files\nodejs\;C:\Development\adt-bundle\sdk\platform-tools;C:\Development\adt-bundle\sdk\tools;JAVA_HOME\bin;0X0.000000P-1022NT_HOME\bin;C:\Python27;C:\Users\dell\AppData\Roaming\npm
USERNAME=dell
OS=Windows_NT
PROCESSOR_IDENTIFIER=Intel64 Family 6 Model 37 Stepping 5, GenuineIntel



---------------  S Y S T E M  ---------------

OS: Windows 7 , 64 bit Build 7601 Service Pack 1

CPU:total 4 (2 cores per cpu, 2 threads per core) family 6 model 37 stepping 5, cmov, cx8, fxsr, mmx, sse, sse2, sse3, ssse3, sse4.1, sse4.2, popcnt, ht, tsc, tscinvbit

Memory: 4k page, physical 4053688k(1520868k free), swap 8105512k(4498888k free)

vm_info: Java HotSpot(TM) 64-Bit Server VM (23.25-b01) for windows-amd64 JRE (1.7.0_25-b17), built on Jun 21 2013 12:58:32 by "java_re" with unknown MS VC++:1600

time: Mon Jan 06 19:03:12 2014
elapsed time: 0 seconds

